0 info it worked if it ends with ok
1 verbose cli [ '/usr/local/Cellar/node/0.8.18/bin/node',
1 verbose cli   '/usr/local/bin/npm',
1 verbose cli   'install',
1 verbose cli   'coffeescript' ]
2 info using npm@1.2.2
3 info using node@v0.8.18
4 verbose read json /Users/apprentice/package.json
5 verbose read json /Users/apprentice/node_modules/bower/package.json
6 verbose read json /Users/apprentice/package.json
7 verbose cache add [ 'coffeescript', null ]
8 verbose cache add name=undefined spec="coffeescript" args=["coffeescript",null]
9 verbose parsed url { pathname: 'coffeescript',
9 verbose parsed url   path: 'coffeescript',
9 verbose parsed url   href: 'coffeescript' }
10 silly lockFile f5fbc02e-coffeescript coffeescript
11 verbose lock coffeescript /Users/apprentice/.npm/f5fbc02e-coffeescript.lock
12 silly lockFile f5fbc02e-coffeescript coffeescript
13 verbose addNamed [ 'coffeescript', '' ]
14 verbose addNamed [ null, '' ]
15 silly lockFile 62a8d146-coffeescript coffeescript@
16 verbose lock coffeescript@ /Users/apprentice/.npm/62a8d146-coffeescript.lock
17 silly addNameRange { name: 'coffeescript', range: '', hasData: false }
18 verbose url raw coffeescript
19 verbose url resolving [ 'https://registry.npmjs.org/', './coffeescript' ]
20 verbose url resolved https://registry.npmjs.org/coffeescript
21 info trying registry request attempt 1 at 20:31:07
22 http GET https://registry.npmjs.org/coffeescript
23 http 404 https://registry.npmjs.org/coffeescript
24 silly registry.get cb [ 404,
24 silly registry.get   { server: 'CouchDB/1.5.0 (Erlang OTP/R15B03)',
24 silly registry.get     date: 'Tue, 26 Nov 2013 04:31:08 GMT',
24 silly registry.get     'content-type': 'application/json',
24 silly registry.get     'content-length': '52',
24 silly registry.get     'cache-control': 'must-revalidate' } ]
25 silly lockFile 62a8d146-coffeescript coffeescript@
26 error 404 'coffeescript' is not in the npm registry.
26 error 404 You should bug the author to publish it
26 error 404
26 error 404 Note that you can also install from a
26 error 404 tarball, folder, or http url, or git url.
27 error System Darwin 12.4.0
28 error command "/usr/local/Cellar/node/0.8.18/bin/node" "/usr/local/bin/npm" "install" "coffeescript"
29 error cwd /Users/apprentice/Desktop/nathan/awesomeness
30 error node -v v0.8.18
31 error npm -v 1.2.2
32 error code E404
33 verbose exit [ 1, true ]
